#
# There is insufficient memory for the Java Runtime Environment to continue.
# Native memory allocation (malloc) failed to allocate 1516784 bytes. Error detail: Chunk::new
# Possible reasons:
#   The system is out of physical RAM or swap space
#   This process is running with CompressedOops enabled, and the Java Heap may be blocking the growth of the native heap
# Possible solutions:
#   Reduce memory load on the system
#   Increase physical memory or swap space
#   Check if swap backing store is full
#   Decrease Java heap size (-Xmx/-Xms)
#   Decrease number of Java threads
#   Decrease Java thread stack sizes (-Xss)
#   Set larger code cache with -XX:ReservedCodeCacheSize=
#   JVM is running with Unscaled Compressed Oops mode in which the Java heap is
#     placed in the first 4GB address space. The Java Heap base address is the
#     maximum limit for the native heap growth. Please use -XX:HeapBaseMinAddress
#     to set the Java Heap base and to place the Java Heap above 4GB virtual address.
# This output file may be truncated or incomplete.
#
#  Out of Memory Error (arena.cpp:168), pid=24624, tid=46204
#
# JRE version: OpenJDK Runtime Environment Temurin-21.0.7+6 (21.0.7+6) (build 21.0.7+6-LTS)
# Java VM: OpenJDK 64-Bit Server VM Temurin-21.0.7+6 (21.0.7+6-LTS, mixed mode, sharing, tiered, compressed oops, compressed class ptrs, parallel gc, windows-amd64)
# No core dump will be written. Minidumps are not enabled by default on client versions of Windows
#

---------------  S U M M A R Y ------------

Command Line: --add-modules=ALL-SYSTEM --add-opens=java.base/java.util=ALL-UNNAMED --add-opens=java.base/java.lang=ALL-UNNAMED --add-opens=java.base/sun.nio.fs=ALL-UNNAMED -Declipse.application=org.eclipse.jdt.ls.core.id1 -Dosgi.bundles.defaultStartLevel=4 -Declipse.product=org.eclipse.jdt.ls.core.product -Djava.import.generatesMetadataFilesAtProjectRoot=false -DDetectVMInstallationsJob.disabled=true -Dfile.encoding=utf8 -XX:+UseParallelGC -XX:GCTimeRatio=4 -XX:AdaptiveSizePolicyWeight=90 -Dsun.zip.disableMemoryMapping=true -Xmx2G -Xms100m -Xlog:disable -javaagent:c:\Users\knaal\.vscode\extensions\redhat.java-1.43.1-win32-x64\lombok\lombok-1.18.39-4050.jar -XX:+HeapDumpOnOutOfMemoryError -XX:HeapDumpPath=c:\Users\knaal\AppData\Roaming\Code\User\workspaceStorage\8a25434107725b57ff1f5b48564fea8b\redhat.java -Daether.dependencyCollector.impl=bf c:\Users\knaal\.vscode\extensions\redhat.java-1.43.1-win32-x64\server\plugins\org.eclipse.equinox.launcher_1.7.0.v20250519-0528.jar -configuration c:\Users\knaal\AppData\Roaming\Code\User\globalStorage\redhat.java\1.43.1\config_win -data c:\Users\knaal\AppData\Roaming\Code\User\workspaceStorage\8a25434107725b57ff1f5b48564fea8b\redhat.java\jdt_ws --pipe=\\.\pipe\lsp-f4871245e1907769675fed6441a796e9-sock

Host: 12th Gen Intel(R) Core(TM) i7-1260P, 16 cores, 15G,  Windows 11 , 64 bit Build 26100 (10.0.26100.5670)
Time: Sun Jul 13 16:17:42 2025 India Standard Time elapsed time: 7.598542 seconds (0d 0h 0m 7s)

---------------  T H R E A D  ---------------

Current thread (0x00000275f01ad9e0):  JavaThread "C2 CompilerThread2" daemon [_thread_in_native, id=46204, stack(0x000000bd0e900000,0x000000bd0ea00000) (1024K)]


Current CompileTask:
C2:7598 6767   !   4       org.eclipse.osgi.internal.loader.BundleLoader::findClass0 (491 bytes)

Stack: [0x000000bd0e900000,0x000000bd0ea00000]
Native frames: (J=compiled Java code, j=interpreted, Vv=VM code, C=native code)
V  [jvm.dll+0x6ce119]
V  [jvm.dll+0x8a84a1]
V  [jvm.dll+0x8aa9ce]
V  [jvm.dll+0x8ab0b3]
V  [jvm.dll+0x27f8a6]
V  [jvm.dll+0xc507d]
V  [jvm.dll+0xc55b3]
V  [jvm.dll+0x3b692c]
V  [jvm.dll+0x1e0029]
V  [jvm.dll+0x247c42]
V  [jvm.dll+0x2470cf]
V  [jvm.dll+0x1c760e]
V  [jvm.dll+0x25695a]
V  [jvm.dll+0x254efa]
V  [jvm.dll+0x3f03f6]
V  [jvm.dll+0x851f6b]
V  [jvm.dll+0x6cc7dd]
C  [ucrtbase.dll+0x37b0]
C  [KERNEL32.DLL+0x2e8d7]
C  [ntdll.dll+0x128dc]


---------------  P R O C E S S  ---------------

Threads class SMR info:
_java_thread_list=0x00000275f84508e0, length=57, elements={
0x00000275d6b1e4f0, 0x00000275d6acd350, 0x00000275d6ace260, 0x00000275d6bc4380,
0x00000275d6bc8a00, 0x00000275d6bca6f0, 0x00000275d6bd0800, 0x00000275ee875ad0,
0x00000275ee8776e0, 0x00000275ee941460, 0x00000275ee968210, 0x00000275eea46260,
0x00000275eeb0d030, 0x00000275eeb1b870, 0x00000275f019c080, 0x00000275f01ad9e0,
0x00000275f0201f30, 0x00000275f5238ac0, 0x00000275f52c7e70, 0x00000275f53a2f00,
0x00000275f53a3560, 0x00000275f556ee10, 0x00000275f0933360, 0x00000275f5b78b30,
0x00000275f5b763d0, 0x00000275f5b791c0, 0x00000275f5b77e10, 0x00000275f5b770f0,
0x00000275f5b79850, 0x00000275f5b77780, 0x00000275f5b784a0, 0x00000275f8d1b620,
0x00000275f8d1a270, 0x00000275f8d18ec0, 0x00000275f8d1a900, 0x00000275f8d19550,
0x00000275f8d1af90, 0x00000275f8d181a0, 0x00000275f8d19be0, 0x00000275f8d1bcb0,
0x00000275f8d18830, 0x00000275f8d1f130, 0x00000275f8d1d060, 0x00000275f8d1f7c0,
0x00000275f8d1dd80, 0x00000275f8d1d6f0, 0x00000275f8d1e410, 0x00000275f8d1eaa0,
0x00000275f8d1c340, 0x00000275f790eb90, 0x00000275f70a18c0, 0x00000275f76cb490,
0x00000275f8cb0f60, 0x00000275f8d1c9d0, 0x00000275f794e440, 0x00000275f794ddb0,
0x00000275f794d720
}

Java Threads: ( => current thread )
  0x00000275d6b1e4f0 JavaThread "main"                              [_thread_blocked, id=3872, stack(0x000000bd0d700000,0x000000bd0d800000) (1024K)]
  0x00000275d6acd350 JavaThread "Reference Handler"          daemon [_thread_blocked, id=10260, stack(0x000000bd0db00000,0x000000bd0dc00000) (1024K)]
  0x00000275d6ace260 JavaThread "Finalizer"                  daemon [_thread_blocked, id=34928, stack(0x000000bd0dc00000,0x000000bd0dd00000) (1024K)]
  0x00000275d6bc4380 JavaThread "Signal Dispatcher"          daemon [_thread_blocked, id=28548, stack(0x000000bd0dd00000,0x000000bd0de00000) (1024K)]
  0x00000275d6bc8a00 JavaThread "Attach Listener"            daemon [_thread_blocked, id=2620, stack(0x000000bd0de00000,0x000000bd0df00000) (1024K)]
  0x00000275d6bca6f0 JavaThread "Service Thread"             daemon [_thread_blocked, id=40136, stack(0x000000bd0df00000,0x000000bd0e000000) (1024K)]
  0x00000275d6bd0800 JavaThread "Monitor Deflation Thread"   daemon [_thread_blocked, id=37356, stack(0x000000bd0e000000,0x000000bd0e100000) (1024K)]
  0x00000275ee875ad0 JavaThread "C2 CompilerThread0"         daemon [_thread_in_native, id=4796, stack(0x000000bd0e100000,0x000000bd0e200000) (1024K)]
  0x00000275ee8776e0 JavaThread "C1 CompilerThread0"         daemon [_thread_blocked, id=45780, stack(0x000000bd0e200000,0x000000bd0e300000) (1024K)]
  0x00000275ee941460 JavaThread "C1 CompilerThread1"         daemon [_thread_blocked, id=34604, stack(0x000000bd0e300000,0x000000bd0e400000) (1024K)]
  0x00000275ee968210 JavaThread "Common-Cleaner"             daemon [_thread_blocked, id=41020, stack(0x000000bd0e400000,0x000000bd0e500000) (1024K)]
  0x00000275eea46260 JavaThread "C2 CompilerThread1"         daemon [_thread_in_native, id=40004, stack(0x000000bd0e500000,0x000000bd0e600000) (1024K)]
  0x00000275eeb0d030 JavaThread "C1 CompilerThread2"         daemon [_thread_blocked, id=38680, stack(0x000000bd0e600000,0x000000bd0e700000) (1024K)]
  0x00000275eeb1b870 JavaThread "C1 CompilerThread3"         daemon [_thread_blocked, id=40592, stack(0x000000bd0e700000,0x000000bd0e800000) (1024K)]
  0x00000275f019c080 JavaThread "Notification Thread"        daemon [_thread_blocked, id=32520, stack(0x000000bd0e800000,0x000000bd0e900000) (1024K)]
=>0x00000275f01ad9e0 JavaThread "C2 CompilerThread2"         daemon [_thread_in_native, id=46204, stack(0x000000bd0e900000,0x000000bd0ea00000) (1024K)]
  0x00000275f0201f30 JavaThread "C2 CompilerThread3"         daemon [_thread_in_native, id=29920, stack(0x000000bd0ea00000,0x000000bd0eb00000) (1024K)]
  0x00000275f5238ac0 JavaThread "Active Thread: Equinox Container: 2e82f246-52a7-4566-9341-36ee33444eb7"        [_thread_blocked, id=6432, stack(0x000000bd0f200000,0x000000bd0f300000) (1024K)]
  0x00000275f52c7e70 JavaThread "Refresh Thread: Equinox Container: 2e82f246-52a7-4566-9341-36ee33444eb7" daemon [_thread_blocked, id=4476, stack(0x000000bd0f400000,0x000000bd0f500000) (1024K)]
  0x00000275f53a2f00 JavaThread "Framework Event Dispatcher: Equinox Container: 2e82f246-52a7-4566-9341-36ee33444eb7" daemon [_thread_blocked, id=800, stack(0x000000bd0f500000,0x000000bd0f600000) (1024K)]
  0x00000275f53a3560 JavaThread "Start Level: Equinox Container: 2e82f246-52a7-4566-9341-36ee33444eb7" daemon [_thread_blocked, id=41512, stack(0x000000bd0f600000,0x000000bd0f700000) (1024K)]
  0x00000275f556ee10 JavaThread "Bundle File Closer"         daemon [_thread_blocked, id=45524, stack(0x000000bd0fa00000,0x000000bd0fb00000) (1024K)]
  0x00000275f0933360 JavaThread "SCR Component Actor"        daemon [_thread_blocked, id=44052, stack(0x000000bd0f100000,0x000000bd0f200000) (1024K)]
  0x00000275f5b78b30 JavaThread "SCR Component Registry"     daemon [_thread_blocked, id=38664, stack(0x000000bd0fb00000,0x000000bd0fc00000) (1024K)]
  0x00000275f5b763d0 JavaThread "Worker-JM"                         [_thread_blocked, id=9876, stack(0x000000bd0fc00000,0x000000bd0fd00000) (1024K)]
  0x00000275f5b791c0 JavaThread "JNA Cleaner"                daemon [_thread_blocked, id=35300, stack(0x000000bd0ff00000,0x000000bd10000000) (1024K)]
  0x00000275f5b77e10 JavaThread "Worker-0: Repository registry initialization"        [_thread_in_vm, id=22876, stack(0x000000bd10000000,0x000000bd10100000) (1024K)]
  0x00000275f5b770f0 JavaThread "Worker-1"                          [_thread_blocked, id=21080, stack(0x000000bd10100000,0x000000bd10200000) (1024K)]
  0x00000275f5b79850 JavaThread "Java indexing"              daemon [_thread_in_Java, id=14068, stack(0x000000bd10200000,0x000000bd10300000) (1024K)]
  0x00000275f5b77780 JavaThread "Worker-2: Building"                [_thread_blocked, id=43384, stack(0x000000bd10500000,0x000000bd10600000) (1024K)]
  0x00000275f5b784a0 JavaThread "Worker-3: Java indexing... "        [_thread_blocked, id=22252, stack(0x000000bd10600000,0x000000bd10700000) (1024K)]
  0x00000275f8d1b620 JavaThread "Thread-2"                   daemon [_thread_in_native, id=21940, stack(0x000000bd10700000,0x000000bd10800000) (1024K)]
  0x00000275f8d1a270 JavaThread "Thread-3"                   daemon [_thread_in_native, id=19092, stack(0x000000bd10800000,0x000000bd10900000) (1024K)]
  0x00000275f8d18ec0 JavaThread "Thread-4"                   daemon [_thread_in_native, id=33592, stack(0x000000bd10900000,0x000000bd10a00000) (1024K)]
  0x00000275f8d1a900 JavaThread "Thread-5"                   daemon [_thread_in_native, id=35852, stack(0x000000bd10a00000,0x000000bd10b00000) (1024K)]
  0x00000275f8d19550 JavaThread "Thread-6"                   daemon [_thread_in_native, id=46872, stack(0x000000bd10b00000,0x000000bd10c00000) (1024K)]
  0x00000275f8d1af90 JavaThread "Thread-7"                   daemon [_thread_in_native, id=18364, stack(0x000000bd10c00000,0x000000bd10d00000) (1024K)]
  0x00000275f8d181a0 JavaThread "Thread-8"                   daemon [_thread_in_native, id=37208, stack(0x000000bd10d00000,0x000000bd10e00000) (1024K)]
  0x00000275f8d19be0 JavaThread "Thread-9"                   daemon [_thread_in_native, id=36516, stack(0x000000bd10e00000,0x000000bd10f00000) (1024K)]
  0x00000275f8d1bcb0 JavaThread "Thread-10"                  daemon [_thread_in_native, id=39140, stack(0x000000bd10f00000,0x000000bd11000000) (1024K)]
  0x00000275f8d18830 JavaThread "Thread-11"                  daemon [_thread_in_native, id=28500, stack(0x000000bd11000000,0x000000bd11100000) (1024K)]
  0x00000275f8d1f130 JavaThread "Thread-12"                  daemon [_thread_in_native, id=8496, stack(0x000000bd11100000,0x000000bd11200000) (1024K)]
  0x00000275f8d1d060 JavaThread "Thread-13"                  daemon [_thread_in_native, id=46144, stack(0x000000bd11200000,0x000000bd11300000) (1024K)]
  0x00000275f8d1f7c0 JavaThread "Thread-14"                  daemon [_thread_in_native, id=736, stack(0x000000bd11300000,0x000000bd11400000) (1024K)]
  0x00000275f8d1dd80 JavaThread "Thread-15"                  daemon [_thread_in_native, id=22984, stack(0x000000bd11400000,0x000000bd11500000) (1024K)]
  0x00000275f8d1d6f0 JavaThread "Thread-16"                  daemon [_thread_in_native, id=37560, stack(0x000000bd11500000,0x000000bd11600000) (1024K)]
  0x00000275f8d1e410 JavaThread "Thread-17"                  daemon [_thread_in_native, id=46984, stack(0x000000bd11600000,0x000000bd11700000) (1024K)]
  0x00000275f8d1eaa0 JavaThread "Thread-18"                  daemon [_thread_in_native, id=38112, stack(0x000000bd11700000,0x000000bd11800000) (1024K)]
  0x00000275f8d1c340 JavaThread "pool-2-thread-1"                   [_thread_blocked, id=45648, stack(0x000000bd11800000,0x000000bd11900000) (1024K)]
  0x00000275f790eb90 JavaThread "C2 CompilerThread4"         daemon [_thread_in_native, id=42644, stack(0x000000bd11900000,0x000000bd11a00000) (1024K)]
  0x00000275f70a18c0 JavaThread "C2 CompilerThread5"         daemon [_thread_in_native, id=15632, stack(0x000000bd11a00000,0x000000bd11b00000) (1024K)]
  0x00000275f76cb490 JavaThread "C2 CompilerThread6"         daemon [_thread_in_native, id=40048, stack(0x000000bd11b00000,0x000000bd11c00000) (1024K)]
  0x00000275f8cb0f60 JavaThread "C2 CompilerThread7"         daemon [_thread_in_native, id=42900, stack(0x000000bd11c00000,0x000000bd11d00000) (1024K)]
  0x00000275f8d1c9d0 JavaThread "WorkspaceEventsHandler"            [_thread_blocked, id=13344, stack(0x000000bd11d00000,0x000000bd11e00000) (1024K)]
  0x00000275f794e440 JavaThread "pool-1-thread-1"                   [_thread_blocked, id=34260, stack(0x000000bd11e00000,0x000000bd11f00000) (1024K)]
  0x00000275f794ddb0 JavaThread "Worker-4"                          [_thread_blocked, id=8264, stack(0x000000bd11f00000,0x000000bd12000000) (1024K)]
  0x00000275f794d720 JavaThread "Worker-5"                          [_thread_blocked, id=44044, stack(0x000000bd12000000,0x000000bd12100000) (1024K)]
Total: 57

Other Threads:
  0x00000275d6ab2db0 VMThread "VM Thread"                           [id=46732, stack(0x000000bd0da00000,0x000000bd0db00000) (1024K)]
  0x00000275d69aca00 WatcherThread "VM Periodic Task Thread"        [id=17276, stack(0x000000bd0d900000,0x000000bd0da00000) (1024K)]
  0x00000275d6b3bda0 WorkerThread "GC Thread#0"                     [id=2764, stack(0x000000bd0d800000,0x000000bd0d900000) (1024K)]
  0x00000275f093ebd0 WorkerThread "GC Thread#1"                     [id=23500, stack(0x000000bd0eb00000,0x000000bd0ec00000) (1024K)]
  0x00000275f08d4df0 WorkerThread "GC Thread#2"                     [id=39136, stack(0x000000bd0ec00000,0x000000bd0ed00000) (1024K)]
  0x00000275f507de90 WorkerThread "GC Thread#3"                     [id=37608, stack(0x000000bd0ed00000,0x000000bd0ee00000) (1024K)]
  0x00000275f507e230 WorkerThread "GC Thread#4"                     [id=38988, stack(0x000000bd0ee00000,0x000000bd0ef00000) (1024K)]
  0x00000275f502f410 WorkerThread "GC Thread#5"                     [id=17872, stack(0x000000bd0ef00000,0x000000bd0f000000) (1024K)]
  0x00000275f070fdd0 WorkerThread "GC Thread#6"                     [id=33968, stack(0x000000bd0f000000,0x000000bd0f100000) (1024K)]
  0x00000275f07108b0 WorkerThread "GC Thread#7"                     [id=43560, stack(0x000000bd0f300000,0x000000bd0f400000) (1024K)]
  0x00000275f0710ff0 WorkerThread "GC Thread#8"                     [id=46576, stack(0x000000bd0f700000,0x000000bd0f800000) (1024K)]
  0x00000275f0711390 WorkerThread "GC Thread#9"                     [id=25540, stack(0x000000bd0f800000,0x000000bd0f900000) (1024K)]
  0x00000275f0711730 WorkerThread "GC Thread#10"                    [id=41424, stack(0x000000bd0f900000,0x000000bd0fa00000) (1024K)]
  0x00000275f595e720 WorkerThread "GC Thread#11"                    [id=28956, stack(0x000000bd0fd00000,0x000000bd0fe00000) (1024K)]
  0x00000275f595ca20 WorkerThread "GC Thread#12"                    [id=30860, stack(0x000000bd0fe00000,0x000000bd0ff00000) (1024K)]
Total: 15

Threads with active compile tasks:
C2 CompilerThread0  7620 6792   !   4       org.eclipse.osgi.internal.loader.classpath.ClasspathManager::findClassImpl (343 bytes)
C2 CompilerThread1  7620 6950   !   4       org.eclipse.jdt.internal.core.search.indexing.AddJrtToIndex$JrtIndexer::visitFile (133 bytes)
C2 CompilerThread2  7620 6767   !   4       org.eclipse.osgi.internal.loader.BundleLoader::findClass0 (491 bytes)
C2 CompilerThread3  7620 7160   !   4       org.eclipse.jdt.internal.compiler.classfmt.AnnotationInfo::decodeAnnotation (305 bytes)
C2 CompilerThread4  7620 7104   !   4       org.eclipse.osgi.internal.weaving.WovenClassImpl::callHooks (410 bytes)
C2 CompilerThread5  7620 7101   !   4       org.eclipse.osgi.internal.loader.classpath.ClasspathManager::defineClass (636 bytes)
C2 CompilerThread6  7620 7109       4       java.lang.invoke.MethodType::makeImpl (109 bytes)
C2 CompilerThread7  7620 7170       4       java.lang.invoke.VarHandle::checkAccessModeThenIsDirect (29 bytes)
Total: 8

VM state: not at safepoint (normal execution)

VM Mutex/Monitor currently owned by a thread: None

Heap address: 0x0000000080000000, size: 2048 MB, Compressed Oops mode: 32-bit

CDS archive(s) mapped at: [0x0000027580000000-0x0000027580ba0000-0x0000027580ba0000), size 12189696, SharedBaseAddress: 0x0000027580000000, ArchiveRelocationMode: 1.
Compressed class space mapped at: 0x0000027581000000-0x00000275c1000000, reserved size: 1073741824
Narrow klass base: 0x0000027580000000, Narrow klass shift: 0, Narrow klass range: 0x100000000

GC Precious Log:
 CardTable entry size: 512
 CPUs: 16 total, 16 available
 Memory: 15997M
 Large Page Support: Disabled
 NUMA Support: Disabled
 Compressed Oops: Enabled (32-bit)
 Alignments: Space 512K, Generation 512K, Heap 2M
 Heap Min Capacity: 100M
 Heap Initial Capacity: 100M
 Heap Max Capacity: 2G
 Pre-touch: Disabled
 Parallel Workers: 13

Heap:
 PSYoungGen      total 4096K, used 1092K [0x00000000d5580000, 0x00000000d5d80000, 0x0000000100000000)
  eden space 3072K, 2% used [0x00000000d5580000,0x00000000d5594c68,0x00000000d5880000)
  from space 1024K, 98% used [0x00000000d5880000,0x00000000d597c708,0x00000000d5980000)
  to   space 2048K, 0% used [0x00000000d5b80000,0x00000000d5b80000,0x00000000d5d80000)
 ParOldGen       total 261120K, used 260794K [0x0000000080000000, 0x000000008ff00000, 0x00000000d5580000)
  object space 261120K, 99% used [0x0000000080000000,0x000000008feae8e0,0x000000008ff00000)
 Metaspace       used 46083K, committed 47296K, reserved 1114112K
  class space    used 4834K, committed 5376K, reserved 1048576K

Card table byte_map: [0x00000275d64c0000,0x00000275d68d0000] _byte_map_base: 0x00000275d60c0000

Marking Bits: (ParMarkBitMap*) 0x00007ffae21e31f0
 Begin Bits: [0x00000275e8fc0000, 0x00000275eafc0000)
 End Bits:   [0x00000275eafc0000, 0x00000275ecfc0000)

Polling page: 0x00000275d4960000

Metaspace:

Usage:
  Non-class:     40.28 MB used.
      Class:      4.72 MB used.
       Both:     45.00 MB used.

Virtual space:
  Non-class space:       64.00 MB reserved,      40.94 MB ( 64%) committed,  1 nodes.
      Class space:        1.00 GB reserved,       5.25 MB ( <1%) committed,  1 nodes.
             Both:        1.06 GB reserved,      46.19 MB (  4%) committed. 

Chunk freelists:
   Non-Class:  6.16 MB
       Class:  10.69 MB
        Both:  16.84 MB

MaxMetaspaceSize: unlimited
CompressedClassSpaceSize: 1.00 GB
Initial GC threshold: 21.00 MB
Current GC threshold: 58.38 MB
CDS: on
 - commit_granule_bytes: 65536.
 - commit_granule_words: 8192.
 - virtual_space_node_default_size: 8388608.
 - enlarge_chunks_in_place: 1.
 - use_allocation_guard: 0.


Internal statistics:

num_allocs_failed_limit: 6.
num_arena_births: 1004.
num_arena_deaths: 14.
num_vsnodes_births: 2.
num_vsnodes_deaths: 0.
num_space_committed: 739.
num_space_uncommitted: 0.
num_chunks_returned_to_freelist: 20.
num_chunks_taken_from_freelist: 3114.
num_chunk_merges: 10.
num_chunk_splits: 1919.
num_chunks_enlarged: 1078.
num_inconsistent_stats: 0.

CodeHeap 'non-profiled nmethods': size=119168Kb used=4343Kb max_used=4343Kb free=114824Kb
 bounds [0x00000275e18b0000, 0x00000275e1cf0000, 0x00000275e8d10000]
CodeHeap 'profiled nmethods': size=119104Kb used=13537Kb max_used=13537Kb free=105566Kb
 bounds [0x00000275d9d10000, 0x00000275daa50000, 0x00000275e1160000]
CodeHeap 'non-nmethods': size=7488Kb used=3075Kb max_used=3205Kb free=4412Kb
 bounds [0x00000275e1160000, 0x00000275e1490000, 0x00000275e18b0000]
 total_blobs=7198 nmethods=6509 adapters=592
 compilation: enabled
              stopped_count=0, restarted_count=0
 full_count=0

Compilation events (20 events):
Event: 6.520 Thread 0x00000275f8cb0f60 nmethod 7121 0x00000275e1ceb290 code [0x00000275e1ceb440, 0x00000275e1ceb600]
Event: 6.520 Thread 0x00000275ee941460 7153       3       com.google.inject.internal.Errors::withSource (29 bytes)
Event: 6.521 Thread 0x00000275ee8776e0 7154       3       com.google.inject.internal.Errors::<init> (23 bytes)
Event: 6.521 Thread 0x00000275eeb1b870 7155       3       com.google.inject.internal.AbstractProcessor::visitOther (6 bytes)
Event: 6.521 Thread 0x00000275ee941460 nmethod 7153 0x00000275daa40a10 code [0x00000275daa40bc0, 0x00000275daa40eb8]
Event: 6.521 Thread 0x00000275eeb0d030 nmethod 7137 0x00000275daa40f90 code [0x00000275daa41460, 0x00000275daa43468]
Event: 6.521 Thread 0x00000275ee8776e0 nmethod 7154 0x00000275daa44010 code [0x00000275daa441c0, 0x00000275daa44378]
Event: 6.522 Thread 0x00000275ee941460 7156       3       com.google.inject.internal.AbstractProcessor::visitOther (5 bytes)
Event: 6.522 Thread 0x00000275eeb1b870 nmethod 7155 0x00000275daa44490 code [0x00000275daa44640, 0x00000275daa44898]
Event: 6.522 Thread 0x00000275ee941460 nmethod 7156 0x00000275daa44990 code [0x00000275daa44b40, 0x00000275daa44cc0]
Event: 6.525 Thread 0x00000275f0201f30 nmethod 7157 0x00000275e1ceb790 code [0x00000275e1ceb920, 0x00000275e1cebc18]
Event: 6.542 Thread 0x00000275f8cb0f60 7158       4       org.eclipse.jdt.internal.compiler.classfmt.AnnotationInfo::scanAnnotation (330 bytes)
Event: 6.543 Thread 0x00000275f0201f30 7159       4       org.eclipse.jdt.internal.compiler.classfmt.AnnotationInfo::<init> (32 bytes)
Event: 6.547 Thread 0x00000275f0201f30 nmethod 7159 0x00000275e1cebd90 code [0x00000275e1cebf20, 0x00000275e1cec030]
Event: 6.549 Thread 0x00000275f0201f30 7160   !   4       org.eclipse.jdt.internal.compiler.classfmt.AnnotationInfo::decodeAnnotation (305 bytes)
Event: 6.555 Thread 0x00000275ee941460 7162       3       java.lang.ClassLoader::checkName (37 bytes)
Event: 6.557 Thread 0x00000275ee941460 nmethod 7162 0x00000275daa44d90 code [0x00000275daa44fc0, 0x00000275daa457c8]
Event: 6.559 Thread 0x00000275ee941460 7163       3       java.util.logging.LogManager::getProperty (9 bytes)
Event: 6.560 Thread 0x00000275ee941460 nmethod 7163 0x00000275daa45b10 code [0x00000275daa45cc0, 0x00000275daa45e98]
Event: 6.571 Thread 0x00000275ee941460 7167       3       lombok.eclipse.agent.EclipsePatcher$1::shouldTransform (107 bytes)

GC Heap History (20 events):
Event: 6.490 GC heap after
{Heap after GC invocations=140 (full 2):
 PSYoungGen      total 4096K, used 932K [0x00000000d5580000, 0x00000000d5b00000, 0x0000000100000000)
  eden space 3072K, 0% used [0x00000000d5580000,0x00000000d5580000,0x00000000d5880000)
  from space 1024K, 91% used [0x00000000d5a00000,0x00000000d5ae91d8,0x00000000d5b00000)
  to   space 1024K, 0% used [0x00000000d5880000,0x00000000d5880000,0x00000000d5980000)
 ParOldGen       total 252928K, used 252539K [0x0000000080000000, 0x000000008f700000, 0x00000000d5580000)
  object space 252928K, 99% used [0x0000000080000000,0x000000008f69ec48,0x000000008f700000)
 Metaspace       used 45898K, committed 47104K, reserved 1114112K
  class space    used 4810K, committed 5376K, reserved 1048576K
}
Event: 6.510 GC heap before
{Heap before GC invocations=141 (full 2):
 PSYoungGen      total 4096K, used 4004K [0x00000000d5580000, 0x00000000d5b00000, 0x0000000100000000)
  eden space 3072K, 100% used [0x00000000d5580000,0x00000000d5880000,0x00000000d5880000)
  from space 1024K, 91% used [0x00000000d5a00000,0x00000000d5ae91d8,0x00000000d5b00000)
  to   space 1024K, 0% used [0x00000000d5880000,0x00000000d5880000,0x00000000d5980000)
 ParOldGen       total 252928K, used 252539K [0x0000000080000000, 0x000000008f700000, 0x00000000d5580000)
  object space 252928K, 99% used [0x0000000080000000,0x000000008f69ec48,0x000000008f700000)
 Metaspace       used 45912K, committed 47104K, reserved 1114112K
  class space    used 4812K, committed 5376K, reserved 1048576K
}
Event: 6.512 GC heap after
{Heap after GC invocations=141 (full 2):
 PSYoungGen      total 4096K, used 928K [0x00000000d5580000, 0x00000000d5a80000, 0x0000000100000000)
  eden space 3072K, 0% used [0x00000000d5580000,0x00000000d5580000,0x00000000d5880000)
  from space 1024K, 90% used [0x00000000d5880000,0x00000000d5968000,0x00000000d5980000)
  to   space 1024K, 0% used [0x00000000d5980000,0x00000000d5980000,0x00000000d5a80000)
 ParOldGen       total 253440K, used 253246K [0x0000000080000000, 0x000000008f780000, 0x00000000d5580000)
  object space 253440K, 99% used [0x0000000080000000,0x000000008f74f838,0x000000008f780000)
 Metaspace       used 45912K, committed 47104K, reserved 1114112K
  class space    used 4812K, committed 5376K, reserved 1048576K
}
Event: 6.527 GC heap before
{Heap before GC invocations=142 (full 2):
 PSYoungGen      total 4096K, used 4000K [0x00000000d5580000, 0x00000000d5a80000, 0x0000000100000000)
  eden space 3072K, 100% used [0x00000000d5580000,0x00000000d5880000,0x00000000d5880000)
  from space 1024K, 90% used [0x00000000d5880000,0x00000000d5968000,0x00000000d5980000)
  to   space 1024K, 0% used [0x00000000d5980000,0x00000000d5980000,0x00000000d5a80000)
 ParOldGen       total 253440K, used 253246K [0x0000000080000000, 0x000000008f780000, 0x00000000d5580000)
  object space 253440K, 99% used [0x0000000080000000,0x000000008f74f838,0x000000008f780000)
 Metaspace       used 45969K, committed 47168K, reserved 1114112K
  class space    used 4815K, committed 5376K, reserved 1048576K
}
Event: 6.528 GC heap after
{Heap after GC invocations=142 (full 2):
 PSYoungGen      total 4096K, used 908K [0x00000000d5580000, 0x00000000d5a80000, 0x0000000100000000)
  eden space 3072K, 0% used [0x00000000d5580000,0x00000000d5580000,0x00000000d5880000)
  from space 1024K, 88% used [0x00000000d5980000,0x00000000d5a63270,0x00000000d5a80000)
  to   space 1024K, 0% used [0x00000000d5880000,0x00000000d5880000,0x00000000d5980000)
 ParOldGen       total 254464K, used 253952K [0x0000000080000000, 0x000000008f880000, 0x00000000d5580000)
  object space 254464K, 99% used [0x0000000080000000,0x000000008f800128,0x000000008f880000)
 Metaspace       used 45969K, committed 47168K, reserved 1114112K
  class space    used 4815K, committed 5376K, reserved 1048576K
}
Event: 6.534 GC heap before
{Heap before GC invocations=143 (full 2):
 PSYoungGen      total 4096K, used 3980K [0x00000000d5580000, 0x00000000d5a80000, 0x0000000100000000)
  eden space 3072K, 100% used [0x00000000d5580000,0x00000000d5880000,0x00000000d5880000)
  from space 1024K, 88% used [0x00000000d5980000,0x00000000d5a63270,0x00000000d5a80000)
  to   space 1024K, 0% used [0x00000000d5880000,0x00000000d5880000,0x00000000d5980000)
 ParOldGen       total 254464K, used 253952K [0x0000000080000000, 0x000000008f880000, 0x00000000d5580000)
  object space 254464K, 99% used [0x0000000080000000,0x000000008f800128,0x000000008f880000)
 Metaspace       used 45994K, committed 47232K, reserved 1114112K
  class space    used 4818K, committed 5376K, reserved 1048576K
}
Event: 6.535 GC heap after
{Heap after GC invocations=143 (full 2):
 PSYoungGen      total 4096K, used 878K [0x00000000d5580000, 0x00000000d5a80000, 0x0000000100000000)
  eden space 3072K, 0% used [0x00000000d5580000,0x00000000d5580000,0x00000000d5880000)
  from space 1024K, 85% used [0x00000000d5880000,0x00000000d595b8f8,0x00000000d5980000)
  to   space 1024K, 0% used [0x00000000d5980000,0x00000000d5980000,0x00000000d5a80000)
 ParOldGen       total 254976K, used 254649K [0x0000000080000000, 0x000000008f900000, 0x00000000d5580000)
  object space 254976K, 99% used [0x0000000080000000,0x000000008f8ae7a0,0x000000008f900000)
 Metaspace       used 45994K, committed 47232K, reserved 1114112K
  class space    used 4818K, committed 5376K, reserved 1048576K
}
Event: 6.542 GC heap before
{Heap before GC invocations=144 (full 2):
 PSYoungGen      total 4096K, used 3950K [0x00000000d5580000, 0x00000000d5a80000, 0x0000000100000000)
  eden space 3072K, 100% used [0x00000000d5580000,0x00000000d5880000,0x00000000d5880000)
  from space 1024K, 85% used [0x00000000d5880000,0x00000000d595b8f8,0x00000000d5980000)
  to   space 1024K, 0% used [0x00000000d5980000,0x00000000d5980000,0x00000000d5a80000)
 ParOldGen       total 254976K, used 254649K [0x0000000080000000, 0x000000008f900000, 0x00000000d5580000)
  object space 254976K, 99% used [0x0000000080000000,0x000000008f8ae7a0,0x000000008f900000)
 Metaspace       used 46013K, committed 47232K, reserved 1114112K
  class space    used 4821K, committed 5376K, reserved 1048576K
}
Event: 6.543 GC heap after
{Heap after GC invocations=144 (full 2):
 PSYoungGen      total 3584K, used 1015K [0x00000000d5580000, 0x00000000d5b80000, 0x0000000100000000)
  eden space 2560K, 0% used [0x00000000d5580000,0x00000000d5580000,0x00000000d5800000)
  from space 1024K, 99% used [0x00000000d5980000,0x00000000d5a7df90,0x00000000d5a80000)
  to   space 1536K, 0% used [0x00000000d5800000,0x00000000d5800000,0x00000000d5980000)
 ParOldGen       total 255488K, used 255385K [0x0000000080000000, 0x000000008f980000, 0x00000000d5580000)
  object space 255488K, 99% used [0x0000000080000000,0x000000008f9664a0,0x000000008f980000)
 Metaspace       used 46013K, committed 47232K, reserved 1114112K
  class space    used 4821K, committed 5376K, reserved 1048576K
}
Event: 6.548 GC heap before
{Heap before GC invocations=145 (full 2):
 PSYoungGen      total 3584K, used 3575K [0x00000000d5580000, 0x00000000d5b80000, 0x0000000100000000)
  eden space 2560K, 100% used [0x00000000d5580000,0x00000000d5800000,0x00000000d5800000)
  from space 1024K, 99% used [0x00000000d5980000,0x00000000d5a7df90,0x00000000d5a80000)
  to   space 1536K, 0% used [0x00000000d5800000,0x00000000d5800000,0x00000000d5980000)
 ParOldGen       total 255488K, used 255385K [0x0000000080000000, 0x000000008f980000, 0x00000000d5580000)
  object space 255488K, 99% used [0x0000000080000000,0x000000008f9664a0,0x000000008f980000)
 Metaspace       used 46021K, committed 47232K, reserved 1114112K
  class space    used 4823K, committed 5376K, reserved 1048576K
}
Event: 6.549 GC heap after
{Heap after GC invocations=145 (full 2):
 PSYoungGen      total 3584K, used 666K [0x00000000d5580000, 0x00000000d5a00000, 0x0000000100000000)
  eden space 2560K, 0% used [0x00000000d5580000,0x00000000d5580000,0x00000000d5800000)
  from space 1024K, 65% used [0x00000000d5800000,0x00000000d58a6ae0,0x00000000d5900000)
  to   space 1024K, 0% used [0x00000000d5900000,0x00000000d5900000,0x00000000d5a00000)
 ParOldGen       total 256512K, used 256157K [0x0000000080000000, 0x000000008fa80000, 0x00000000d5580000)
  object space 256512K, 99% used [0x0000000080000000,0x000000008fa274a8,0x000000008fa80000)
 Metaspace       used 46021K, committed 47232K, reserved 1114112K
  class space    used 4823K, committed 5376K, reserved 1048576K
}
Event: 6.553 GC heap before
{Heap before GC invocations=146 (full 2):
 PSYoungGen      total 3584K, used 3226K [0x00000000d5580000, 0x00000000d5a00000, 0x0000000100000000)
  eden space 2560K, 100% used [0x00000000d5580000,0x00000000d5800000,0x00000000d5800000)
  from space 1024K, 65% used [0x00000000d5800000,0x00000000d58a6ae0,0x00000000d5900000)
  to   space 1024K, 0% used [0x00000000d5900000,0x00000000d5900000,0x00000000d5a00000)
 ParOldGen       total 256512K, used 256157K [0x0000000080000000, 0x000000008fa80000, 0x00000000d5580000)
  object space 256512K, 99% used [0x0000000080000000,0x000000008fa274a8,0x000000008fa80000)
 Metaspace       used 46026K, committed 47232K, reserved 1114112K
  class space    used 4824K, committed 5376K, reserved 1048576K
}
Event: 6.554 GC heap after
{Heap after GC invocations=146 (full 2):
 PSYoungGen      total 3584K, used 842K [0x00000000d5580000, 0x00000000d5a00000, 0x0000000100000000)
  eden space 2560K, 0% used [0x00000000d5580000,0x00000000d5580000,0x00000000d5800000)
  from space 1024K, 82% used [0x00000000d5900000,0x00000000d59d2960,0x00000000d5a00000)
  to   space 1024K, 0% used [0x00000000d5800000,0x00000000d5800000,0x00000000d5900000)
 ParOldGen       total 257024K, used 256718K [0x0000000080000000, 0x000000008fb00000, 0x00000000d5580000)
  object space 257024K, 99% used [0x0000000080000000,0x000000008fab3910,0x000000008fb00000)
 Metaspace       used 46026K, committed 47232K, reserved 1114112K
  class space    used 4824K, committed 5376K, reserved 1048576K
}
Event: 6.558 GC heap before
{Heap before GC invocations=147 (full 2):
 PSYoungGen      total 3584K, used 3402K [0x00000000d5580000, 0x00000000d5a00000, 0x0000000100000000)
  eden space 2560K, 100% used [0x00000000d5580000,0x00000000d5800000,0x00000000d5800000)
  from space 1024K, 82% used [0x00000000d5900000,0x00000000d59d2960,0x00000000d5a00000)
  to   space 1024K, 0% used [0x00000000d5800000,0x00000000d5800000,0x00000000d5900000)
 ParOldGen       total 257024K, used 256718K [0x0000000080000000, 0x000000008fb00000, 0x00000000d5580000)
  object space 257024K, 99% used [0x0000000080000000,0x000000008fab3910,0x000000008fb00000)
 Metaspace       used 46034K, committed 47232K, reserved 1114112K
  class space    used 4826K, committed 5376K, reserved 1048576K
}
Event: 6.559 GC heap after
{Heap after GC invocations=147 (full 2):
 PSYoungGen      total 3584K, used 710K [0x00000000d5580000, 0x00000000d5a00000, 0x0000000100000000)
  eden space 2560K, 0% used [0x00000000d5580000,0x00000000d5580000,0x00000000d5800000)
  from space 1024K, 69% used [0x00000000d5800000,0x00000000d58b1bc8,0x00000000d5900000)
  to   space 1024K, 0% used [0x00000000d5900000,0x00000000d5900000,0x00000000d5a00000)
 ParOldGen       total 257536K, used 257325K [0x0000000080000000, 0x000000008fb80000, 0x00000000d5580000)
  object space 257536K, 99% used [0x0000000080000000,0x000000008fb4b748,0x000000008fb80000)
 Metaspace       used 46034K, committed 47232K, reserved 1114112K
  class space    used 4826K, committed 5376K, reserved 1048576K
}
Event: 6.563 GC heap before
{Heap before GC invocations=148 (full 2):
 PSYoungGen      total 3584K, used 3270K [0x00000000d5580000, 0x00000000d5a00000, 0x0000000100000000)
  eden space 2560K, 99% used [0x00000000d5580000,0x00000000d57ffff8,0x00000000d5800000)
  from space 1024K, 69% used [0x00000000d5800000,0x00000000d58b1bc8,0x00000000d5900000)
  to   space 1024K, 0% used [0x00000000d5900000,0x00000000d5900000,0x00000000d5a00000)
 ParOldGen       total 257536K, used 257325K [0x0000000080000000, 0x000000008fb80000, 0x00000000d5580000)
  object space 257536K, 99% used [0x0000000080000000,0x000000008fb4b748,0x000000008fb80000)
 Metaspace       used 46041K, committed 47232K, reserved 1114112K
  class space    used 4828K, committed 5376K, reserved 1048576K
}
Event: 6.564 GC heap after
{Heap after GC invocations=148 (full 2):
 PSYoungGen      total 3584K, used 718K [0x00000000d5580000, 0x00000000d5a00000, 0x0000000100000000)
  eden space 2560K, 0% used [0x00000000d5580000,0x00000000d5580000,0x00000000d5800000)
  from space 1024K, 70% used [0x00000000d5900000,0x00000000d59b3b68,0x00000000d5a00000)
  to   space 1024K, 0% used [0x00000000d5800000,0x00000000d5800000,0x00000000d5900000)
 ParOldGen       total 258048K, used 257892K [0x0000000080000000, 0x000000008fc00000, 0x00000000d5580000)
  object space 258048K, 99% used [0x0000000080000000,0x000000008fbd9228,0x000000008fc00000)
 Metaspace       used 46041K, committed 47232K, reserved 1114112K
  class space    used 4828K, committed 5376K, reserved 1048576K
}
Event: 6.568 GC heap before
{Heap before GC invocations=149 (full 2):
 PSYoungGen      total 3584K, used 3278K [0x00000000d5580000, 0x00000000d5a00000, 0x0000000100000000)
  eden space 2560K, 100% used [0x00000000d5580000,0x00000000d5800000,0x00000000d5800000)
  from space 1024K, 70% used [0x00000000d5900000,0x00000000d59b3b68,0x00000000d5a00000)
  to   space 1024K, 0% used [0x00000000d5800000,0x00000000d5800000,0x00000000d5900000)
 ParOldGen       total 258048K, used 257892K [0x0000000080000000, 0x000000008fc00000, 0x00000000d5580000)
  object space 258048K, 99% used [0x0000000080000000,0x000000008fbd9228,0x000000008fc00000)
 Metaspace       used 46054K, committed 47232K, reserved 1114112K
  class space    used 4830K, committed 5376K, reserved 1048576K
}
Event: 6.569 GC heap after
{Heap after GC invocations=149 (full 2):
 PSYoungGen      total 3584K, used 759K [0x00000000d5580000, 0x00000000d5a00000, 0x0000000100000000)
  eden space 2560K, 0% used [0x00000000d5580000,0x00000000d5580000,0x00000000d5800000)
  from space 1024K, 74% used [0x00000000d5800000,0x00000000d58bdd90,0x00000000d5900000)
  to   space 1024K, 0% used [0x00000000d5900000,0x00000000d5900000,0x00000000d5a00000)
 ParOldGen       total 258560K, used 258440K [0x0000000080000000, 0x000000008fc80000, 0x00000000d5580000)
  object space 258560K, 99% used [0x0000000080000000,0x000000008fc623f0,0x000000008fc80000)
 Metaspace       used 46054K, committed 47232K, reserved 1114112K
  class space    used 4830K, committed 5376K, reserved 1048576K
}
Event: 6.573 GC heap before
{Heap before GC invocations=150 (full 2):
 PSYoungGen      total 3584K, used 3319K [0x00000000d5580000, 0x00000000d5a00000, 0x0000000100000000)
  eden space 2560K, 100% used [0x00000000d5580000,0x00000000d5800000,0x00000000d5800000)
  from space 1024K, 74% used [0x00000000d5800000,0x00000000d58bdd90,0x00000000d5900000)
  to   space 1024K, 0% used [0x00000000d5900000,0x00000000d5900000,0x00000000d5a00000)
 ParOldGen       total 258560K, used 258440K [0x0000000080000000, 0x000000008fc80000, 0x00000000d5580000)
  object space 258560K, 99% used [0x0000000080000000,0x000000008fc623f0,0x000000008fc80000)
 Metaspace       used 46065K, committed 47232K, reserved 1114112K
  class space    used 4832K, committed 5376K, reserved 1048576K
}

Dll operation events (10 events):
Event: 0.006 Loaded shared library c:\Users\knaal\.vscode\extensions\redhat.java-1.43.1-win32-x64\jre\21.0.7-win32-x86_64\bin\java.dll
Event: 0.055 Loaded shared library c:\Users\knaal\.vscode\extensions\redhat.java-1.43.1-win32-x64\jre\21.0.7-win32-x86_64\bin\zip.dll
Event: 0.071 Loaded shared library C:\Users\knaal\.vscode\extensions\redhat.java-1.43.1-win32-x64\jre\21.0.7-win32-x86_64\bin\instrument.dll
Event: 0.074 Loaded shared library C:\Users\knaal\.vscode\extensions\redhat.java-1.43.1-win32-x64\jre\21.0.7-win32-x86_64\bin\net.dll
Event: 0.076 Loaded shared library C:\Users\knaal\.vscode\extensions\redhat.java-1.43.1-win32-x64\jre\21.0.7-win32-x86_64\bin\nio.dll
Event: 0.078 Loaded shared library C:\Users\knaal\.vscode\extensions\redhat.java-1.43.1-win32-x64\jre\21.0.7-win32-x86_64\bin\zip.dll
Event: 0.093 Loaded shared library C:\Users\knaal\.vscode\extensions\redhat.java-1.43.1-win32-x64\jre\21.0.7-win32-x86_64\bin\jimage.dll
Event: 0.156 Loaded shared library c:\Users\knaal\.vscode\extensions\redhat.java-1.43.1-win32-x64\jre\21.0.7-win32-x86_64\bin\verify.dll
Event: 1.083 Loaded shared library C:\Users\knaal\AppData\Roaming\Code\User\globalStorage\redhat.java\1.43.1\config_win\org.eclipse.equinox.launcher\org.eclipse.equinox.launcher.win32.win32.x86_64_1.2.1300.v20250331-1702\eclipse_11911.dll
Event: 2.226 Loaded shared library C:\Users\knaal\AppData\Local\Temp\jna-102190089\jna11665158760237194969.dll

Deoptimization events (20 events):
Event: 6.429 Thread 0x00000275f5b77e10 Uncommon trap: trap_request=0xffffffde fr.pc=0x00000275e1ad14bc relative=0x000000000000061c
Event: 6.429 Thread 0x00000275f5b77e10 Uncommon trap: reason=class_check action=maybe_recompile pc=0x00000275e1ad14bc method=java.util.TreeMap.put(Ljava/lang/Object;Ljava/lang/Object;Z)Ljava/lang/Object; @ 118 c2
Event: 6.429 Thread 0x00000275f5b77e10 DEOPT PACKING pc=0x00000275e1ad14bc sp=0x000000bd100fe2e0
Event: 6.429 Thread 0x00000275f5b77e10 DEOPT UNPACKING pc=0x00000275e11b3aa2 sp=0x000000bd100fe270 mode 2
Event: 6.473 Thread 0x00000275f5b77e10 Uncommon trap: trap_request=0xffffff45 fr.pc=0x00000275e1a04904 relative=0x00000000000002a4
Event: 6.473 Thread 0x00000275f5b77e10 Uncommon trap: reason=unstable_if action=reinterpret pc=0x00000275e1a04904 method=java.lang.ClassLoader.checkName(Ljava/lang/String;)Z @ 1 c2
Event: 6.473 Thread 0x00000275f5b77e10 DEOPT PACKING pc=0x00000275e1a04904 sp=0x000000bd100fe0b0
Event: 6.473 Thread 0x00000275f5b77e10 DEOPT UNPACKING pc=0x00000275e11b3aa2 sp=0x000000bd100fe048 mode 2
Event: 6.473 Thread 0x00000275f5b77e10 Uncommon trap: trap_request=0xffffff45 fr.pc=0x00000275e1962d48 relative=0x0000000000000f88
Event: 6.473 Thread 0x00000275f5b77e10 Uncommon trap: reason=unstable_if action=reinterpret pc=0x00000275e1962d48 method=lombok.patcher.ScriptManager$OurClassFileTransformer.transform(Ljava/lang/ClassLoader;Ljava/lang/String;Ljava/lang/Class;Ljava/security/ProtectionDomain;[B)[B @ 1 c2
Event: 6.473 Thread 0x00000275f5b77e10 DEOPT PACKING pc=0x00000275e1962d48 sp=0x000000bd100fcc10
Event: 6.473 Thread 0x00000275f5b77e10 DEOPT UNPACKING pc=0x00000275e11b3aa2 sp=0x000000bd100fcb90 mode 2
Event: 6.476 Thread 0x00000275f5b77e10 Uncommon trap: trap_request=0xffffff45 fr.pc=0x00000275e1cd9818 relative=0x0000000000000258
Event: 6.476 Thread 0x00000275f5b77e10 Uncommon trap: reason=unstable_if action=reinterpret pc=0x00000275e1cd9818 method=java.lang.AbstractStringBuilder.getChars(II[CI)V @ 38 c2
Event: 6.476 Thread 0x00000275f5b77e10 DEOPT PACKING pc=0x00000275e1cd9818 sp=0x000000bd100fe3a0
Event: 6.476 Thread 0x00000275f5b77e10 DEOPT UNPACKING pc=0x00000275e11b3aa2 sp=0x000000bd100fe2d8 mode 2
Event: 6.539 Thread 0x00000275f5b79850 Uncommon trap: trap_request=0xffffffc6 fr.pc=0x00000275e1b7e728 relative=0x0000000000000ec8
Event: 6.539 Thread 0x00000275f5b79850 Uncommon trap: reason=bimorphic_or_optimized_type_check action=maybe_recompile pc=0x00000275e1b7e728 method=java.util.concurrent.ConcurrentHashMap.computeIfAbsent(Ljava/lang/Object;Ljava/util/function/Function;)Ljava/lang/Object; @ 323 c2
Event: 6.539 Thread 0x00000275f5b79850 DEOPT PACKING pc=0x00000275e1b7e728 sp=0x000000bd102feb20
Event: 6.539 Thread 0x00000275f5b79850 DEOPT UNPACKING pc=0x00000275e11b3aa2 sp=0x000000bd102feaa0 mode 2

Classes loaded (20 events):
Event: 4.698 Loading class java/lang/annotation/IncompleteAnnotationException
Event: 4.698 Loading class java/lang/annotation/IncompleteAnnotationException done
Event: 5.354 Loading class sun/reflect/annotation/AnnotatedTypeFactory$AnnotatedParameterizedTypeImpl
Event: 5.354 Loading class java/lang/reflect/AnnotatedParameterizedType
Event: 5.354 Loading class java/lang/reflect/AnnotatedParameterizedType done
Event: 5.354 Loading class sun/reflect/annotation/AnnotatedTypeFactory$AnnotatedParameterizedTypeImpl done
Event: 5.435 Loading class java/util/concurrent/CompletionService
Event: 5.436 Loading class java/util/concurrent/CompletionService done
Event: 5.676 Loading class sun/reflect/generics/scope/ConstructorScope
Event: 5.676 Loading class sun/reflect/generics/scope/ConstructorScope done
Event: 5.676 Loading class sun/reflect/generics/tree/VoidDescriptor
Event: 5.677 Loading class sun/reflect/generics/tree/VoidDescriptor done
Event: 5.989 Loading class java/nio/channels/ServerSocketChannel
Event: 5.990 Loading class java/nio/channels/ServerSocketChannel done
Event: 6.418 Loading class java/lang/ExceptionInInitializerError
Event: 6.418 Loading class java/lang/ExceptionInInitializerError done
Event: 6.418 Loading class sun/misc/Unsafe
Event: 6.419 Loading class sun/misc/Unsafe done
Event: 6.471 Loading class jdk/internal/org/objectweb/asm/ClassReader
Event: 6.472 Loading class jdk/internal/org/objectweb/asm/ClassReader done

Classes unloaded (7 events):
Event: 2.636 Thread 0x00000275d6ab2db0 Unloading class 0x000002758119d000 'java/lang/invoke/LambdaForm$MH+0x000002758119d000'
Event: 2.636 Thread 0x00000275d6ab2db0 Unloading class 0x000002758119cc00 'java/lang/invoke/LambdaForm$MH+0x000002758119cc00'
Event: 2.636 Thread 0x00000275d6ab2db0 Unloading class 0x000002758119c800 'java/lang/invoke/LambdaForm$MH+0x000002758119c800'
Event: 2.636 Thread 0x00000275d6ab2db0 Unloading class 0x000002758119c400 'java/lang/invoke/LambdaForm$MH+0x000002758119c400'
Event: 2.636 Thread 0x00000275d6ab2db0 Unloading class 0x000002758119c000 'java/lang/invoke/LambdaForm$BMH+0x000002758119c000'
Event: 2.636 Thread 0x00000275d6ab2db0 Unloading class 0x000002758119bc00 'java/lang/invoke/LambdaForm$DMH+0x000002758119bc00'
Event: 2.636 Thread 0x00000275d6ab2db0 Unloading class 0x000002758119a800 'java/lang/invoke/LambdaForm$DMH+0x000002758119a800'

Classes redefined (0 events):
No events

Internal exceptions (20 events):
Event: 4.159 Thread 0x00000275f5b77780 Exception <a 'sun/nio/fs/WindowsException'{0x00000000d60c7a10}> (0x00000000d60c7a10) 
thrown [s\src\hotspot\share\prims\jni.cpp, line 520]
Event: 4.167 Thread 0x00000275f5b77780 Exception <a 'sun/nio/fs/WindowsException'{0x00000000d6260df8}> (0x00000000d6260df8) 
thrown [s\src\hotspot\share\prims\jni.cpp, line 520]
Event: 4.167 Thread 0x00000275f5b77780 Exception <a 'sun/nio/fs/WindowsException'{0x00000000d62a5e38}> (0x00000000d62a5e38) 
thrown [s\src\hotspot\share\prims\jni.cpp, line 520]
Event: 4.182 Thread 0x00000275f5b79850 Implicit null exception at 0x00000275e197955a to 0x00000275e1979658
Event: 4.263 Thread 0x00000275f794e440 Exception <a 'java/io/FileNotFoundException'{0x00000000d5917920}> (0x00000000d5917920) 
thrown [s\src\hotspot\share\prims\jni.cpp, line 520]
Event: 4.281 Thread 0x00000275f5b77780 Exception <a 'java/io/FileNotFoundException'{0x00000000d5f965c8}> (0x00000000d5f965c8) 
thrown [s\src\hotspot\share\prims\jni.cpp, line 520]
Event: 4.281 Thread 0x00000275f5b77780 Exception <a 'java/io/FileNotFoundException'{0x00000000d5f975c0}> (0x00000000d5f975c0) 
thrown [s\src\hotspot\share\prims\jni.cpp, line 520]
Event: 4.292 Thread 0x00000275f5b77780 Exception <a 'java/io/FileNotFoundException'{0x00000000d64c0180}> (0x00000000d64c0180) 
thrown [s\src\hotspot\share\prims\jni.cpp, line 520]
Event: 4.292 Thread 0x00000275f5b77780 Exception <a 'java/io/FileNotFoundException'{0x00000000d64ecdc0}> (0x00000000d64ecdc0) 
thrown [s\src\hotspot\share\prims\jni.cpp, line 520]
Event: 4.292 Thread 0x00000275f5b77780 Exception <a 'java/io/FileNotFoundException'{0x00000000d64eddd8}> (0x00000000d64eddd8) 
thrown [s\src\hotspot\share\prims\jni.cpp, line 520]
Event: 4.332 Thread 0x00000275f794e440 Exception <a 'java/lang/NoSuchMethodError'{0x00000000d6411040}: 'java.lang.Object java.lang.invoke.DirectMethodHandle$Holder.invokeStatic(java.lang.Object, int, java.lang.Object, java.lang.Object)'> (0x00000000d6411040) 
thrown [s\src\hotspot\share\interpreter\linkResolver.cpp, line 773]
Event: 4.333 Thread 0x00000275f794e440 Exception <a 'java/lang/NoSuchMethodError'{0x00000000d6414a90}: 'java.lang.Object java.lang.invoke.DelegatingMethodHandle$Holder.delegate(java.lang.Object, int, java.lang.Object, java.lang.Object)'> (0x00000000d6414a90) 
thrown [s\src\hotspot\share\interpreter\linkResolver.cpp, line 773]
Event: 4.336 Thread 0x00000275f794e440 Implicit null exception at 0x00000275e1b1ec76 to 0x00000275e1b1efac
Event: 4.342 Thread 0x00000275f794e440 Exception <a 'java/lang/NoSuchMethodError'{0x00000000d55c6000}: 'int java.lang.invoke.Invokers$Holder.linkToTargetMethod(java.lang.Object, java.lang.Object, java.lang.Object)'> (0x00000000d55c6000) 
thrown [s\src\hotspot\share\interpreter\linkResolver.cpp, line 773]
Event: 4.425 Thread 0x00000275f5b77780 Exception <a 'java/lang/NoSuchMethodError'{0x00000000d5a15518}: 'int java.lang.invoke.DirectMethodHandle$Holder.invokeSpecialIFC(java.lang.Object, java.lang.Object, java.lang.Object, java.lang.Object)'> (0x00000000d5a15518) 
thrown [s\src\hotspot\share\interpreter\linkResolver.cpp, line 773]
Event: 4.699 Thread 0x00000275f5b77e10 Exception <a 'java/lang/NoClassDefFoundError'{0x00000000d5a196c8}: javax/enterprise/inject/Typed> (0x00000000d5a196c8) 
thrown [s\src\hotspot\share\classfile\systemDictionary.cpp, line 301]
Event: 6.420 Thread 0x00000275f5b77e10 Exception <a 'java/lang/ExceptionInInitializerError'{0x00000000d5877798}> (0x00000000d5877798) 
thrown [s\src\hotspot\share\oops\instanceKlass.cpp, line 1220]
Event: 6.473 Thread 0x00000275f5b77e10 Implicit null exception at 0x00000275e1a0467e to 0x00000275e1a048f0
Event: 6.473 Thread 0x00000275f5b77e10 Implicit null exception at 0x00000275e1961e1c to 0x00000275e1962d38
Event: 6.478 Thread 0x00000275f5b77e10 Exception <a 'java/lang/NoSuchMethodError'{0x00000000d57d31a0}: 'java.lang.Object java.lang.invoke.Invokers$Holder.invokeExact_MT(java.lang.Object, int, java.lang.Object)'> (0x00000000d57d31a0) 
thrown [s\src\hotspot\share\interpreter\linkResolver.cpp, line 773]

ZGC Phase Switch (0 events):
No events

VM Operations (20 events):
Event: 6.490 Executing VM operation: ParallelGCFailedAllocation (Allocation Failure) done
Event: 6.500 Executing VM operation: ParallelGCFailedAllocation (Allocation Failure)
Event: 6.512 Executing VM operation: ParallelGCFailedAllocation (Allocation Failure) done
Event: 6.527 Executing VM operation: ParallelGCFailedAllocation (Allocation Failure)
Event: 6.528 Executing VM operation: ParallelGCFailedAllocation (Allocation Failure) done
Event: 6.534 Executing VM operation: ParallelGCFailedAllocation (Allocation Failure)
Event: 6.535 Executing VM operation: ParallelGCFailedAllocation (Allocation Failure) done
Event: 6.542 Executing VM operation: ParallelGCFailedAllocation (Allocation Failure)
Event: 6.543 Executing VM operation: ParallelGCFailedAllocation (Allocation Failure) done
Event: 6.548 Executing VM operation: ParallelGCFailedAllocation (Allocation Failure)
Event: 6.549 Executing VM operation: ParallelGCFailedAllocation (Allocation Failure) done
Event: 6.553 Executing VM operation: ParallelGCFailedAllocation (Allocation Failure)
Event: 6.554 Executing VM operation: ParallelGCFailedAllocation (Allocation Failure) done
Event: 6.558 Executing VM operation: ParallelGCFailedAllocation (Allocation Failure)
Event: 6.559 Executing VM operation: ParallelGCFailedAllocation (Allocation Failure) done
Event: 6.563 Executing VM operation: ParallelGCFailedAllocation (Allocation Failure)
Event: 6.564 Executing VM operation: ParallelGCFailedAllocation (Allocation Failure) done
Event: 6.568 Executing VM operation: ParallelGCFailedAllocation (Allocation Failure)
Event: 6.569 Executing VM operation: ParallelGCFailedAllocation (Allocation Failure) done
Event: 6.572 Executing VM operation: ParallelGCFailedAllocation (Allocation Failure)

Memory protections (0 events):
No events

Nmethod flushes (20 events):
Event: 3.652 Thread 0x00000275d6ab2db0 flushing  nmethod 0x00000275da435e90
Event: 3.652 Thread 0x00000275d6ab2db0 flushing  nmethod 0x00000275da437310
Event: 3.652 Thread 0x00000275d6ab2db0 flushing  nmethod 0x00000275da437c10
Event: 3.652 Thread 0x00000275d6ab2db0 flushing  nmethod 0x00000275da438e10
Event: 3.652 Thread 0x00000275d6ab2db0 flushing  nmethod 0x00000275da439610
Event: 3.652 Thread 0x00000275d6ab2db0 flushing  nmethod 0x00000275da43b310
Event: 3.652 Thread 0x00000275d6ab2db0 flushing  nmethod 0x00000275da43c790
Event: 3.652 Thread 0x00000275d6ab2db0 flushing  nmethod 0x00000275da43e690
Event: 3.652 Thread 0x00000275d6ab2db0 flushing  nmethod 0x00000275da43f390
Event: 3.652 Thread 0x00000275d6ab2db0 flushing  nmethod 0x00000275da43f690
Event: 3.652 Thread 0x00000275d6ab2db0 flushing  nmethod 0x00000275da488810
Event: 3.652 Thread 0x00000275d6ab2db0 flushing  nmethod 0x00000275da48ac90
Event: 3.652 Thread 0x00000275d6ab2db0 flushing  nmethod 0x00000275da495e90
Event: 3.652 Thread 0x00000275d6ab2db0 flushing  nmethod 0x00000275da523a90
Event: 3.652 Thread 0x00000275d6ab2db0 flushing  nmethod 0x00000275da539210
Event: 3.652 Thread 0x00000275d6ab2db0 flushing  nmethod 0x00000275da539c10
Event: 3.652 Thread 0x00000275d6ab2db0 flushing  nmethod 0x00000275da564790
Event: 3.652 Thread 0x00000275d6ab2db0 flushing  nmethod 0x00000275da571190
Event: 3.652 Thread 0x00000275d6ab2db0 flushing  nmethod 0x00000275da571610
Event: 3.652 Thread 0x00000275d6ab2db0 flushing  nmethod 0x00000275da574090

Events (20 events):
Event: 3.355 Thread 0x00000275d6b1e4f0 Thread added: 0x00000275f8d181a0
Event: 3.355 Thread 0x00000275d6b1e4f0 Thread added: 0x00000275f8d19be0
Event: 3.355 Thread 0x00000275d6b1e4f0 Thread added: 0x00000275f8d1bcb0
Event: 3.355 Thread 0x00000275d6b1e4f0 Thread added: 0x00000275f8d18830
Event: 3.356 Thread 0x00000275d6b1e4f0 Thread added: 0x00000275f8d1f130
Event: 3.356 Thread 0x00000275d6b1e4f0 Thread added: 0x00000275f8d1d060
Event: 3.356 Thread 0x00000275d6b1e4f0 Thread added: 0x00000275f8d1f7c0
Event: 3.356 Thread 0x00000275d6b1e4f0 Thread added: 0x00000275f8d1dd80
Event: 3.356 Thread 0x00000275d6b1e4f0 Thread added: 0x00000275f8d1d6f0
Event: 3.356 Thread 0x00000275d6b1e4f0 Thread added: 0x00000275f8d1e410
Event: 3.356 Thread 0x00000275d6b1e4f0 Thread added: 0x00000275f8d1eaa0
Event: 3.380 Thread 0x00000275d6b1e4f0 Thread added: 0x00000275f8d1c340
Event: 3.441 Thread 0x00000275eeb1b870 Thread added: 0x00000275f790eb90
Event: 3.443 Thread 0x00000275ee8776e0 Thread added: 0x00000275f70a18c0
Event: 3.444 Thread 0x00000275ee8776e0 Thread added: 0x00000275f76cb490
Event: 3.449 Thread 0x00000275eeb0d030 Thread added: 0x00000275f8cb0f60
Event: 3.748 Thread 0x00000275d6b1e4f0 Thread added: 0x00000275f8d1c9d0
Event: 3.749 Thread 0x00000275d6b1e4f0 Thread added: 0x00000275f794e440
Event: 4.157 Thread 0x00000275f5b77780 Thread added: 0x00000275f794ddb0
Event: 4.225 Thread 0x00000275f794ddb0 Thread added: 0x00000275f794d720


Dynamic libraries:
0x00007ff7adea0000 - 0x00007ff7adeae000 	c:\Users\knaal\.vscode\extensions\redhat.java-1.43.1-win32-x64\jre\21.0.7-win32-x86_64\bin\java.exe
0x00007ffbb6440000 - 0x00007ffbb66a9000 	C:\WINDOWS\SYSTEM32\ntdll.dll
0x00007ffbb5390000 - 0x00007ffbb5459000 	C:\WINDOWS\System32\KERNEL32.DLL
0x00007ffbb3d90000 - 0x00007ffbb417f000 	C:\WINDOWS\System32\KERNELBASE.dll
0x00007ffbb3740000 - 0x00007ffbb388b000 	C:\WINDOWS\System32\ucrtbase.dll
0x00007ffb9eab0000 - 0x00007ffb9eac8000 	c:\Users\knaal\.vscode\extensions\redhat.java-1.43.1-win32-x64\jre\21.0.7-win32-x86_64\bin\jli.dll
0x00007ffb986c0000 - 0x00007ffb986de000 	c:\Users\knaal\.vscode\extensions\redhat.java-1.43.1-win32-x64\jre\21.0.7-win32-x86_64\bin\VCRUNTIME140.dll
0x00007ffbb4230000 - 0x00007ffbb43fc000 	C:\WINDOWS\System32\USER32.dll
0x00007ffbb4190000 - 0x00007ffbb41b7000 	C:\WINDOWS\System32\win32u.dll
0x00007ffb94cf0000 - 0x00007ffb94f8a000 	C:\WINDOWS\WinSxS\amd64_microsoft.windows.common-controls_6595b64144ccf1df_6.0.26100.5651_none_3e0bb264e3315894\COMCTL32.dll
0x00007ffbb4200000 - 0x00007ffbb422b000 	C:\WINDOWS\System32\GDI32.dll
0x00007ffbb4b30000 - 0x00007ffbb4bd9000 	C:\WINDOWS\System32\msvcrt.dll
0x00007ffbb3c50000 - 0x00007ffbb3d88000 	C:\WINDOWS\System32\gdi32full.dll
0x00007ffbb3560000 - 0x00007ffbb3603000 	C:\WINDOWS\System32\msvcp_win.dll
0x00007ffbb5e00000 - 0x00007ffbb5e2f000 	C:\WINDOWS\System32\IMM32.DLL
0x00007ffb9eaa0000 - 0x00007ffb9eaac000 	c:\Users\knaal\.vscode\extensions\redhat.java-1.43.1-win32-x64\jre\21.0.7-win32-x86_64\bin\vcruntime140_1.dll
0x00007ffb6fa90000 - 0x00007ffb6fb1d000 	c:\Users\knaal\.vscode\extensions\redhat.java-1.43.1-win32-x64\jre\21.0.7-win32-x86_64\bin\msvcp140.dll
0x00007ffae1530000 - 0x00007ffae22c0000 	c:\Users\knaal\.vscode\extensions\redhat.java-1.43.1-win32-x64\jre\21.0.7-win32-x86_64\bin\server\jvm.dll
0x00007ffbb55d0000 - 0x00007ffbb5684000 	C:\WINDOWS\System32\ADVAPI32.dll
0x00007ffbb4be0000 - 0x00007ffbb4c86000 	C:\WINDOWS\System32\sechost.dll
0x00007ffbb4d90000 - 0x00007ffbb4ea8000 	C:\WINDOWS\System32\RPCRT4.dll
0x00007ffbb5e40000 - 0x00007ffbb5eb4000 	C:\WINDOWS\System32\WS2_32.dll
0x00007ffba9560000 - 0x00007ffba9595000 	C:\WINDOWS\SYSTEM32\WINMM.dll
0x00007ffbb33b0000 - 0x00007ffbb340e000 	C:\WINDOWS\SYSTEM32\POWRPROF.dll
0x00007ffb9be10000 - 0x00007ffb9be1b000 	C:\WINDOWS\SYSTEM32\VERSION.dll
0x00007ffbb3390000 - 0x00007ffbb33a4000 	C:\WINDOWS\SYSTEM32\UMPDC.dll
0x00007ffbb2300000 - 0x00007ffbb231b000 	C:\WINDOWS\SYSTEM32\kernel.appcore.dll
0x00007ffb9e8c0000 - 0x00007ffb9e8ca000 	c:\Users\knaal\.vscode\extensions\redhat.java-1.43.1-win32-x64\jre\21.0.7-win32-x86_64\bin\jimage.dll
0x00007ffbb0c70000 - 0x00007ffbb0eb2000 	C:\WINDOWS\SYSTEM32\DBGHELP.DLL
0x00007ffbb4400000 - 0x00007ffbb4789000 	C:\WINDOWS\System32\combase.dll
0x00007ffbb5460000 - 0x00007ffbb5540000 	C:\WINDOWS\System32\OLEAUT32.dll
0x00007ffb91940000 - 0x00007ffb91983000 	C:\WINDOWS\SYSTEM32\dbgcore.DLL
0x00007ffbb3610000 - 0x00007ffbb36a9000 	C:\WINDOWS\System32\bcryptPrimitives.dll
0x00007ffb9e630000 - 0x00007ffb9e63f000 	c:\Users\knaal\.vscode\extensions\redhat.java-1.43.1-win32-x64\jre\21.0.7-win32-x86_64\bin\instrument.dll
0x00007ffb986a0000 - 0x00007ffb986bf000 	c:\Users\knaal\.vscode\extensions\redhat.java-1.43.1-win32-x64\jre\21.0.7-win32-x86_64\bin\java.dll
0x00007ffbb56a0000 - 0x00007ffbb5dee000 	C:\WINDOWS\System32\SHELL32.dll
0x00007ffbb3a10000 - 0x00007ffbb3b84000 	C:\WINDOWS\System32\wintypes.dll
0x00007ffbb1140000 - 0x00007ffbb19a0000 	C:\WINDOWS\SYSTEM32\windows.storage.dll
0x00007ffbb5ec0000 - 0x00007ffbb5fb5000 	C:\WINDOWS\System32\SHCORE.dll
0x00007ffbb4900000 - 0x00007ffbb4969000 	C:\WINDOWS\System32\shlwapi.dll
0x00007ffbb3470000 - 0x00007ffbb349f000 	C:\WINDOWS\SYSTEM32\profapi.dll
0x00007ffb98680000 - 0x00007ffb98698000 	c:\Users\knaal\.vscode\extensions\redhat.java-1.43.1-win32-x64\jre\21.0.7-win32-x86_64\bin\zip.dll
0x00007ffb9e570000 - 0x00007ffb9e580000 	C:\Users\knaal\.vscode\extensions\redhat.java-1.43.1-win32-x64\jre\21.0.7-win32-x86_64\bin\net.dll
0x00007ffba7920000 - 0x00007ffba7a3e000 	C:\WINDOWS\SYSTEM32\WINHTTP.dll
0x00007ffbb2880000 - 0x00007ffbb28eb000 	C:\WINDOWS\system32\mswsock.dll
0x00007ffb96460000 - 0x00007ffb96476000 	C:\Users\knaal\.vscode\extensions\redhat.java-1.43.1-win32-x64\jre\21.0.7-win32-x86_64\bin\nio.dll
0x00007ffb9bc90000 - 0x00007ffb9bca0000 	c:\Users\knaal\.vscode\extensions\redhat.java-1.43.1-win32-x64\jre\21.0.7-win32-x86_64\bin\verify.dll
0x00007ffb8afa0000 - 0x00007ffb8afe5000 	C:\Users\knaal\AppData\Roaming\Code\User\globalStorage\redhat.java\1.43.1\config_win\org.eclipse.equinox.launcher\org.eclipse.equinox.launcher.win32.win32.x86_64_1.2.1300.v20250331-1702\eclipse_11911.dll
0x00007ffbb4970000 - 0x00007ffbb4b0e000 	C:\WINDOWS\System32\ole32.dll
0x00007ffbb2b40000 - 0x00007ffbb2b5b000 	C:\WINDOWS\SYSTEM32\CRYPTSP.dll
0x00007ffbb2260000 - 0x00007ffbb229a000 	C:\WINDOWS\system32\rsaenh.dll
0x00007ffbb2920000 - 0x00007ffbb294b000 	C:\WINDOWS\SYSTEM32\USERENV.dll
0x00007ffbb3440000 - 0x00007ffbb3466000 	C:\WINDOWS\SYSTEM32\bcrypt.dll
0x00007ffbb2b30000 - 0x00007ffbb2b3c000 	C:\WINDOWS\SYSTEM32\CRYPTBASE.dll
0x00007ffbb1d80000 - 0x00007ffbb1db4000 	C:\WINDOWS\SYSTEM32\IPHLPAPI.DLL
0x00007ffbb5690000 - 0x00007ffbb569a000 	C:\WINDOWS\System32\NSI.dll
0x00007ffb8abc0000 - 0x00007ffb8ac09000 	C:\Users\knaal\AppData\Local\Temp\jna-102190089\jna11665158760237194969.dll
0x00007ffbb41c0000 - 0x00007ffbb41c8000 	C:\WINDOWS\System32\PSAPI.DLL
0x00007ffbaa240000 - 0x00007ffbaa25f000 	C:\WINDOWS\SYSTEM32\dhcpcsvc6.DLL
0x00007ffbaa200000 - 0x00007ffbaa225000 	C:\WINDOWS\SYSTEM32\dhcpcsvc.DLL

dbghelp: loaded successfully - version: 4.0.5 - missing functions: none
symbol engine: initialized successfully - sym options: 0x614 - pdb path: .;c:\Users\knaal\.vscode\extensions\redhat.java-1.43.1-win32-x64\jre\21.0.7-win32-x86_64\bin;C:\WINDOWS\SYSTEM32;C:\WINDOWS\WinSxS\amd64_microsoft.windows.common-controls_6595b64144ccf1df_6.0.26100.5651_none_3e0bb264e3315894;c:\Users\knaal\.vscode\extensions\redhat.java-1.43.1-win32-x64\jre\21.0.7-win32-x86_64\bin\server;C:\Users\knaal\AppData\Roaming\Code\User\globalStorage\redhat.java\1.43.1\config_win\org.eclipse.equinox.launcher\org.eclipse.equinox.launcher.win32.win32.x86_64_1.2.1300.v20250331-1702;C:\Users\knaal\AppData\Local\Temp\jna-102190089

VM Arguments:
jvm_args: --add-modules=ALL-SYSTEM --add-opens=java.base/java.util=ALL-UNNAMED --add-opens=java.base/java.lang=ALL-UNNAMED --add-opens=java.base/sun.nio.fs=ALL-UNNAMED -Declipse.application=org.eclipse.jdt.ls.core.id1 -Dosgi.bundles.defaultStartLevel=4 -Declipse.product=org.eclipse.jdt.ls.core.product -Djava.import.generatesMetadataFilesAtProjectRoot=false -DDetectVMInstallationsJob.disabled=true -Dfile.encoding=utf8 -XX:+UseParallelGC -XX:GCTimeRatio=4 -XX:AdaptiveSizePolicyWeight=90 -Dsun.zip.disableMemoryMapping=true -Xmx2G -Xms100m -Xlog:disable -javaagent:c:\Users\knaal\.vscode\extensions\redhat.java-1.43.1-win32-x64\lombok\lombok-1.18.39-4050.jar -XX:+HeapDumpOnOutOfMemoryError -XX:HeapDumpPath=c:\Users\knaal\AppData\Roaming\Code\User\workspaceStorage\8a25434107725b57ff1f5b48564fea8b\redhat.java -Daether.dependencyCollector.impl=bf 
java_command: c:\Users\knaal\.vscode\extensions\redhat.java-1.43.1-win32-x64\server\plugins\org.eclipse.equinox.launcher_1.7.0.v20250519-0528.jar -configuration c:\Users\knaal\AppData\Roaming\Code\User\globalStorage\redhat.java\1.43.1\config_win -data c:\Users\knaal\AppData\Roaming\Code\User\workspaceStorage\8a25434107725b57ff1f5b48564fea8b\redhat.java\jdt_ws --pipe=\\.\pipe\lsp-f4871245e1907769675fed6441a796e9-sock
java_class_path (initial): c:\Users\knaal\.vscode\extensions\redhat.java-1.43.1-win32-x64\server\plugins\org.eclipse.equinox.launcher_1.7.0.v20250519-0528.jar
Launcher Type: SUN_STANDARD

[Global flags]
    uintx AdaptiveSizePolicyWeight                 = 90                                        {product} {command line}
     intx CICompilerCount                          = 12                                        {product} {ergonomic}
    uintx GCTimeRatio                              = 4                                         {product} {command line}
     bool HeapDumpOnOutOfMemoryError               = true                                   {manageable} {command line}
    ccstr HeapDumpPath                             = c:\Users\knaal\AppData\Roaming\Code\User\workspaceStorage\8a25434107725b57ff1f5b48564fea8b\redhat.java         {manageable} {command line}
   size_t InitialHeapSize                          = 104857600                                 {product} {command line}
   size_t MaxHeapSize                              = 2147483648                                {product} {command line}
   size_t MaxNewSize                               = 715653120                                 {product} {ergonomic}
   size_t MinHeapDeltaBytes                        = 524288                                    {product} {ergonomic}
   size_t MinHeapSize                              = 104857600                                 {product} {command line}
   size_t NewSize                                  = 34603008                                  {product} {ergonomic}
    uintx NonNMethodCodeHeapSize                   = 7602480                                {pd product} {ergonomic}
    uintx NonProfiledCodeHeapSize                  = 122027880                              {pd product} {ergonomic}
   size_t OldSize                                  = 70254592                                  {product} {ergonomic}
    uintx ProfiledCodeHeapSize                     = 122027880                              {pd product} {ergonomic}
    uintx ReservedCodeCacheSize                    = 251658240                              {pd product} {ergonomic}
     bool SegmentedCodeCache                       = true                                      {product} {ergonomic}
   size_t SoftMaxHeapSize                          = 2147483648                             {manageable} {ergonomic}
     bool UseCompressedOops                        = true                           {product lp64_product} {ergonomic}
     bool UseLargePagesIndividualAllocation        = false                                  {pd product} {ergonomic}
     bool UseParallelGC                            = true                                      {product} {command line}

Logging:
Log output configuration:
 #0: stdout all=off uptime,level,tags foldmultilines=false
 #1: stderr all=off uptime,level,tags foldmultilines=false

Environment Variables:
JAVA_HOME=C:\Program Files\Java\jdk-23
CLASSPATH=C:\Program Files\Apache Software Foundation\Tomcat 9.0\bin
PATH=C:\Program Files\Common Files\Oracle\Java\javapath;C:\oraclexe\app\oracle\product\11.2.0\server\bin;C:\WINDOWS\system32;C:\WINDOWS;C:\WINDOWS\System32\Wbem;C:\WINDOWS\System32\WindowsPowerShell\v1.0\;C:\WINDOWS\System32\OpenSSH\;C:\MinGW\bin;C:\Users\knaal\AppData\Local\Packages\PythonSoftwareFoundation.Python.3.11_qbz5n2kfra8p0\LocalCache\local-packages\Python311\site-packages\tensorflowjs\converters\converter.py;C:\Program Files\Java\jdk-23\bin;C:\Program Files\Java\ojdbc11.jar;"C:\Program Files\Apache Software Foundation\Tomcat 9.0\lib\servlet-api.jar;.;";C:\Program Files\nodejs\;C:\ProgramData\chocolatey\bin;C:\Program Files\Maven\apache-maven-3.9.6\bin;C:\Users\knaal\AppData\Local\Packages\PythonSoftwareFoundation.Python.3.11_qbz5n2kfra8p0\LocalCache\local-packages\Python311\Scripts;C:\Program Files\GitHub CLI\;C:\Program Files\Git\cmd;C:\Users\knaal\AppData\Local\Microsoft\WindowsApps;C:\Users\knaal\Downloads\SDL2-2.28.4-win32-x64;C:\MinGW\bin;C:\Users\knaal\AppData\Local\Programs\Microsoft VS Code\bin;C:\Users\knaal\AppData\Local\Packages\PythonSoftwareFoundation.Python.3.11_qbz5n2kfra8p0\LocalCache\local-packages\Python311\site-packages\tensorflowjs\converters;C:\MinGW\include;C:\Users\knaal\AppData\Roaming\npm;C:\Users\knaal\AppData\Local\GitHubDesktop\bin;C:\Program Files\Maven\apache-maven-3.9.9-bin\apache-maven-3.9.9\bin;C:\Users\knaal\AppData\Local\Programs\cursor\resources\app\bin;
USERNAME=knaal
OS=Windows_NT
PROCESSOR_IDENTIFIER=Intel64 Family 6 Model 154 Stepping 3, GenuineIntel
TMP=C:\Users\knaal\AppData\Local\Temp
TEMP=C:\Users\knaal\AppData\Local\Temp




Periodic native trim disabled

---------------  S Y S T E M  ---------------

OS:
 Windows 11 , 64 bit Build 26100 (10.0.26100.5670)
OS uptime: 7 days 21:43 hours
Hyper-V role detected

CPU: total 16 (initial active 16) (8 cores per cpu, 2 threads per core) family 6 model 154 stepping 3 microcode 0x423, cx8, cmov, fxsr, ht, mmx, 3dnowpref, sse, sse2, sse3, ssse3, sse4.1, sse4.2, popcnt, lzcnt, tsc, tscinvbit, avx, avx2, aes, erms, clmul, bmi1, bmi2, adx, sha, fma, vzeroupper, clflush, clflushopt, clwb, hv, serialize, rdtscp, rdpid, fsrm, f16c, cet_ibt, cet_ss
Processor Information for processor 0
  Max Mhz: 2100, Current Mhz: 2100, Mhz Limit: 2100
Processor Information for processor 1
  Max Mhz: 2100, Current Mhz: 2100, Mhz Limit: 2100
Processor Information for processor 2
  Max Mhz: 2100, Current Mhz: 2100, Mhz Limit: 2100
Processor Information for processor 3
  Max Mhz: 2100, Current Mhz: 2100, Mhz Limit: 2100
Processor Information for processor 4
  Max Mhz: 2100, Current Mhz: 2100, Mhz Limit: 2100
Processor Information for processor 5
  Max Mhz: 2100, Current Mhz: 2100, Mhz Limit: 2100
Processor Information for processor 6
  Max Mhz: 2100, Current Mhz: 2100, Mhz Limit: 2100
Processor Information for processor 7
  Max Mhz: 2100, Current Mhz: 2100, Mhz Limit: 2100
Processor Information for processor 8
  Max Mhz: 2100, Current Mhz: 1500, Mhz Limit: 1491
Processor Information for processor 9
  Max Mhz: 2100, Current Mhz: 1500, Mhz Limit: 1491
Processor Information for processor 10
  Max Mhz: 2100, Current Mhz: 1500, Mhz Limit: 1491
Processor Information for processor 11
  Max Mhz: 2100, Current Mhz: 1500, Mhz Limit: 1491
Processor Information for processor 12
  Max Mhz: 2100, Current Mhz: 1500, Mhz Limit: 1491
Processor Information for processor 13
  Max Mhz: 2100, Current Mhz: 1500, Mhz Limit: 1491
Processor Information for processor 14
  Max Mhz: 2100, Current Mhz: 1500, Mhz Limit: 1491
Processor Information for processor 15
  Max Mhz: 2100, Current Mhz: 1500, Mhz Limit: 1491

Memory: 4k page, system-wide physical 15997M (2466M free)
TotalPageFile size 21616M (AvailPageFile size 7M)
current process WorkingSet (physical memory assigned to process): 593M, peak: 594M
current process commit charge ("private bytes"): 602M, peak: 602M

vm_info: OpenJDK 64-Bit Server VM (21.0.7+6-LTS) for windows-amd64 JRE (21.0.7+6-LTS), built on 2025-04-15T00:00:00Z by "admin" with MS VC++ 17.7 (VS2022)

END.
